<?xml version="1.0" encoding="UTF-8"?>
<testng-results skipped="0" failed="0" total="1" passed="1">
  <reporter-output>
  </reporter-output>
  <suite name="Default suite" duration-ms="10298" started-at="2018-08-16T15:01:33Z" finished-at="2018-08-16T15:01:43Z">
    <groups>
    </groups>
    <test name="Default test" duration-ms="10298" started-at="2018-08-16T15:01:33Z" finished-at="2018-08-16T15:01:43Z">
      <class name="NewTest">
        <test-method status="PASS" signature="setUp()[pri:0, instance:NewTest@59f99ea]" name="setUp" is-config="true" duration-ms="54" started-at="2018-08-16T17:01:33Z" finished-at="2018-08-16T17:01:33Z">
          <reporter-output>
          </reporter-output>
        </test-method> <!-- setUp -->
        <test-method status="PASS" signature="checkGoogleSearch()[pri:0, instance:NewTest@59f99ea]" name="checkGoogleSearch" duration-ms="10215" started-at="2018-08-16T17:01:33Z" finished-at="2018-08-16T17:01:43Z">
          <reporter-output>
          </reporter-output>
        </test-method> <!-- checkGoogleSearch -->
      </class> <!-- NewTest -->
    </test> <!-- Default test -->
  </suite> <!-- Default suite -->
</testng-results>
